0 info it worked if it ends with ok
1 verbose cli [ 'node',
1 verbose cli   'c:\\Users\\Marvin\\AppData\\Roaming\\npm\\node_modules\\npm\\bin\\npm-cli.js',
1 verbose cli   'tag',
1 verbose cli   'how-to-npm@1.0.2',
1 verbose cli   'latest' ]
2 info using npm@2.11.0
3 info using node@v0.12.4
4 warn tag This command is deprecated. Use `npm dist-tag` instead.
5 silly mapToRegistry name how-to-npm
6 silly mapToRegistry using default registry
7 silly mapToRegistry registry http://localhost:15443/
8 silly mapToRegistry uri http://localhost:15443/how-to-npm
9 verbose request uri http://localhost:15443/how-to-npm/latest
10 verbose request sending authorization for write operation
11 info attempt registry request try #1 at 5:43:51 PM
12 verbose request id 38763218723fbf00
13 http request PUT http://localhost:15443/how-to-npm/latest
14 http 404 http://localhost:15443/how-to-npm/latest
15 verbose headers { 'content-type': 'application/json',
15 verbose headers   date: 'Wed, 03 Jun 2015 00:43:51 GMT',
15 verbose headers   connection: 'keep-alive',
15 verbose headers   'transfer-encoding': 'chunked' }
16 verbose request invalidating C:\Users\Marvin\AppData\Roaming\npm-cache\localhost_15443\how-to-npm\latest on PUT
17 verbose stack Error: missing : how-to-npm
17 verbose stack     at CachingRegistryClient.<anonymous> (c:\Users\Marvin\AppData\Roaming\npm\node_modules\npm\node_modules\npm-registry-client\lib\request.js:247:14)
17 verbose stack     at Request._callback (c:\Users\Marvin\AppData\Roaming\npm\node_modules\npm\node_modules\npm-registry-client\lib\request.js:170:14)
17 verbose stack     at Request.self.callback (c:\Users\Marvin\AppData\Roaming\npm\node_modules\npm\node_modules\request\request.js:368:22)
17 verbose stack     at Request.emit (events.js:110:17)
17 verbose stack     at Request.<anonymous> (c:\Users\Marvin\AppData\Roaming\npm\node_modules\npm\node_modules\request\request.js:1219:14)
17 verbose stack     at Request.emit (events.js:129:20)
17 verbose stack     at IncomingMessage.<anonymous> (c:\Users\Marvin\AppData\Roaming\npm\node_modules\npm\node_modules\request\request.js:1167:12)
17 verbose stack     at IncomingMessage.emit (events.js:129:20)
17 verbose stack     at _stream_readable.js:908:16
17 verbose stack     at process._tickCallback (node.js:355:11)
18 verbose statusCode 404
19 verbose pkgid how-to-npm
20 verbose cwd C:\nodeschool\how-to-npm
21 error Windows_NT 6.1.7601
22 error argv "node" "c:\\Users\\Marvin\\AppData\\Roaming\\npm\\node_modules\\npm\\bin\\npm-cli.js" "tag" "how-to-npm@1.0.2" "latest"
23 error node v0.12.4
24 error npm  v2.11.0
25 error code E404
26 error 404 missing : how-to-npm
26 error 404
26 error 404 'how-to-npm' is not in the npm registry.
26 error 404 You should bug the author to publish it (or use the name yourself!)
26 error 404
26 error 404 Note that you can also install from a
26 error 404 tarball, folder, http url, or git url.
27 verbose exit [ 1, true ]
